Riviera-PRO 2023.04.112.8911(Linux64) 2025-05-13 18:23:37

Elaboration top modules:
Verilog Module                tb
SystemVerilog Class           environment
SystemVerilog Class           *base_class
SystemVerilog Class           generator
SystemVerilog Class           driver
SystemVerilog Class           monitor
SystemVerilog Class           scoreboard
SystemVerilog Class           \std::mailbox#(transaction) \
SystemVerilog Class           transaction
SystemVerilog Class           \*queue#([]bit) \


---------------------------------------------------------------------------------------------
Verilog Module                | Library | Info | Compiler Version      | Compilation Options
---------------------------------------------------------------------------------------------
tb                            | work    |      | 2023.04.112 (Linux64) | -timescale 1ns/1ns
FIFO                          | work    |      | 2023.04.112 (Linux64) | -timescale 1ns/1ns
---------------------------------------------------------------------------------------------

---------------------------------------------------------------------------------------------
SystemVerilog Interface       | Library | Info | Compiler Version      | Compilation Options
---------------------------------------------------------------------------------------------
fifo_if                       | work    |      | 2023.04.112 (Linux64) | -timescale 1ns/1ns
---------------------------------------------------------------------------------------------

---------------------------------------------------------------------------------------------
SystemVerilog Class           | Library | Info | Compiler Version      | Compilation Options
---------------------------------------------------------------------------------------------
environment                   | work    |      | 2023.04.112 (Linux64) | -timescale 1ns/1ns
*base_class                   | vl      |      | 2023.04.112 (Linux64) | <unavailable>
generator                     | work    | SVA  | 2023.04.112 (Linux64) | -timescale 1ns/1ns
driver                        | work    |      | 2023.04.112 (Linux64) | -timescale 1ns/1ns
monitor                       | work    |      | 2023.04.112 (Linux64) | -timescale 1ns/1ns
scoreboard                    | work    |      | 2023.04.112 (Linux64) | -timescale 1ns/1ns
\std::mailbox#(transaction) \ | work    |      | 2023.04.112 (Linux64) | -timescale 1ns/1ns
transaction                   | work    | SVA  | 2023.04.112 (Linux64) | -timescale 1ns/1ns
\*queue#([]bit) \             | work    |      | 2023.04.112 (Linux64) | -timescale 1ns/1ns
---------------------------------------------------------------------------------------------

---------------------------------------------------------------------------------------------
Library                       | Comment
---------------------------------------------------------------------------------------------
vl                            | Standard Verilog library
work                          | None
---------------------------------------------------------------------------------------------


Simulation Options: asim +access+r


The performance of simulation is reduced. Version EDU Edition
